<?xml version="1.0" encoding="UTF-8"?>
<!-- Generated by org.testng.reporters.JUnitXMLReporter -->
<testsuite ignored="0" hostname="DESKTOP-LRSSE51" failures="0" tests="6" name="Login Functionality Tests" time="95.095" errors="0" timestamp="2026-04-08T22:22:41 ICT">
  <testcase classname="automation.LoginTest" name="TC_LG_01_ValidLogin" time="2.955"/>
  <testcase classname="automation.LoginTest" name="TC_LG_02_InvalidPassword" time="3.512"/>
  <testcase classname="automation.LoginTest" name="TC_LG_03_InvalidUsername" time="3.514"/>
  <testcase classname="automation.LoginTest" name="TC_LG_04_EmptyUsername" time="1.306"/>
  <testcase classname="automation.LoginTest" name="TC_LG_05_EmptyPassword" time="1.252"/>
  <testcase classname="automation.LoginTest" name="TC_LG_06_EmptyBoth" time="2.78"/>
</testsuite> <!-- Login Functionality Tests -->
