<?xml version="1.0" encoding="UTF-8"?>
<testng-results ignored="0" total="7" passed="6" failed="1" skipped="0">
  <reporter-output>
  </reporter-output>
  <suite started-at="2026-04-26T21:13:26 ICT" name="Default suite" finished-at="2026-04-26T21:14:40 ICT" duration-ms="74052">
    <groups>
    </groups>
    <test started-at="2026-04-26T21:13:26 ICT" name="Default test" finished-at="2026-04-26T21:14:40 ICT" duration-ms="74052">
      <class name="automation.UpdateInfoTest">
        <test-method is-config="true" signature="setup()[pri:0, instance:automation.UpdateInfoTest@fbd1f6]" started-at="2026-04-26T21:13:26 ICT" name="setup" test-instance-name="UP_7" finished-at="2026-04-26T21:13:43 ICT" duration-ms="16772" status="PASS">
          <reporter-output>
          </reporter-output>
        </test-method> <!-- setup -->
        <test-method is-config="true" signature="setTestName(java.lang.reflect.Method,[Ljava.lang.Object;)[pri:0, instance:automation.UpdateInfoTest@fbd1f6]" started-at="2026-04-26T21:13:43 ICT" name="setTestName" test-instance-name="UP_7" finished-at="2026-04-26T21:13:43 ICT" duration-ms="3" status="PASS">
          <params>
            <param index="0">
              <value>
                <![CDATA[public void automation.UpdateInfoTest.testUpdateInfo(java.lang.String,java.lang.String,java.lang.String,java.lang.String,java.lang.String,java.lang.String,java.lang.String,int)]]>
              </value>
            </param>
            <param index="1">
              <value>
                <![CDATA[[Ljava.lang.Object;@1cfc2538]]>
              </value>
            </param>
          </params>
          <reporter-output>
          </reporter-output>
        </test-method> <!-- setTestName -->
        <test-method signature="testUpdateInfo(java.lang.String,java.lang.String,java.lang.String,java.lang.String,java.lang.String,java.lang.String,java.lang.String,int)[pri:0, instance:automation.UpdateInfoTest@fbd1f6]" started-at="2026-04-26T21:13:43 ICT" name="testUpdateInfo" data-provider="updateData" test-instance-name="UP_7" finished-at="2026-04-26T21:13:49 ICT" duration-ms="6397" status="PASS">
          <params>
            <param index="0">
              <value>
                <![CDATA[UP_1]]>
              </value>
            </param>
            <param index="1">
              <value>
                <![CDATA[]]>
              </value>
            </param>
            <param index="2">
              <value>
                <![CDATA[]]>
              </value>
            </param>
            <param index="3">
              <value>
                <![CDATA[]]>
              </value>
            </param>
            <param index="4">
              <value>
                <![CDATA[2028-05-20]]>
              </value>
            </param>
            <param index="5">
              <value>
                <![CDATA[]]>
              </value>
            </param>
            <param index="6">
              <value>
                <![CDATA[PASS]]>
              </value>
            </param>
            <param index="7">
              <value>
                <![CDATA[1]]>
              </value>
            </param>
          </params>
          <reporter-output>
          </reporter-output>
        </test-method> <!-- testUpdateInfo -->
        <test-method is-config="true" signature="setTestName(java.lang.reflect.Method,[Ljava.lang.Object;)[pri:0, instance:automation.UpdateInfoTest@fbd1f6]" started-at="2026-04-26T21:13:49 ICT" name="setTestName" test-instance-name="UP_7" finished-at="2026-04-26T21:13:49 ICT" duration-ms="1" status="PASS">
          <params>
            <param index="0">
              <value>
                <![CDATA[public void automation.UpdateInfoTest.testUpdateInfo(java.lang.String,java.lang.String,java.lang.String,java.lang.String,java.lang.String,java.lang.String,java.lang.String,int)]]>
              </value>
            </param>
            <param index="1">
              <value>
                <![CDATA[[Ljava.lang.Object;@66deec87]]>
              </value>
            </param>
          </params>
          <reporter-output>
          </reporter-output>
        </test-method> <!-- setTestName -->
        <test-method signature="testUpdateInfo(java.lang.String,java.lang.String,java.lang.String,java.lang.String,java.lang.String,java.lang.String,java.lang.String,int)[pri:0, instance:automation.UpdateInfoTest@fbd1f6]" started-at="2026-04-26T21:13:49 ICT" name="testUpdateInfo" data-provider="updateData" test-instance-name="UP_7" finished-at="2026-04-26T21:13:55 ICT" duration-ms="5792" status="FAIL">
          <params>
            <param index="0">
              <value>
                <![CDATA[UP_2]]>
              </value>
            </param>
            <param index="1">
              <value>
                <![CDATA[]]>
              </value>
            </param>
            <param index="2">
              <value>
                <![CDATA[]]>
              </value>
            </param>
            <param index="3">
              <value>
                <![CDATA[]]>
              </value>
            </param>
            <param index="4">
              <value>
                <![CDATA[2020-01-01]]>
              </value>
            </param>
            <param index="5">
              <value>
                <![CDATA[]]>
              </value>
            </param>
            <param index="6">
              <value>
                <![CDATA[FAIL]]>
              </value>
            </param>
            <param index="7">
              <value>
                <![CDATA[2]]>
              </value>
            </param>
          </params>
          <exception class="java.lang.AssertionError">
            <message>
              <![CDATA[TC UP_2 không khớp mong đợi. expected [true] but found [false]]]>
            </message>
            <full-stacktrace>
              <![CDATA[java.lang.AssertionError: TC UP_2 không khớp mong đợi. expected [true] but found [false]
at org.testng.Assert.fail(Assert.java:111)
at org.testng.Assert.failNotEquals(Assert.java:1590)
at org.testng.Assert.assertTrue(Assert.java:57)
at automation.UpdateInfoTest.testUpdateInfo(UpdateInfoTest.java:175)
at java.base/jdk.internal.reflect.DirectMethodHandleAccessor.invoke(DirectMethodHandleAccessor.java:103)
at java.base/java.lang.reflect.Method.invoke(Method.java:580)
at org.testng.internal.invokers.MethodInvocationHelper.invokeMethod(MethodInvocationHelper.java:141)
at org.testng.internal.invokers.TestInvoker.invokeMethod(TestInvoker.java:687)
at org.testng.internal.invokers.TestInvoker.invokeTestMethod(TestInvoker.java:230)
at org.testng.internal.invokers.MethodRunner.runInSequence(MethodRunner.java:63)
at org.testng.internal.invokers.TestInvoker$MethodInvocationAgent.invoke(TestInvoker.java:995)
at org.testng.internal.invokers.TestInvoker.invokeTestMethods(TestInvoker.java:203)
at org.testng.internal.invokers.TestMethodWorker.invokeTestMethods(TestMethodWorker.java:154)
at org.testng.internal.invokers.TestMethodWorker.run(TestMethodWorker.java:134)
at java.base/java.util.ArrayList.forEach(ArrayList.java:1596)
at org.testng.TestRunner.privateRun(TestRunner.java:741)
at org.testng.TestRunner.run(TestRunner.java:616)
at org.testng.SuiteRunner.runTest(SuiteRunner.java:421)
at org.testng.SuiteRunner.runSequentially(SuiteRunner.java:413)
at org.testng.SuiteRunner.privateRun(SuiteRunner.java:373)
at org.testng.SuiteRunner.run(SuiteRunner.java:312)
at org.testng.SuiteRunnerWorker.runSuite(SuiteRunnerWorker.java:52)
at org.testng.SuiteRunnerWorker.run(SuiteRunnerWorker.java:95)
at org.testng.TestNG.runSuitesSequentially(TestNG.java:1274)
at org.testng.TestNG.runSuitesLocally(TestNG.java:1208)
at org.testng.TestNG.runSuites(TestNG.java:1112)
at org.testng.TestNG.run(TestNG.java:1079)
at org.testng.remote.AbstractRemoteTestNG.run(AbstractRemoteTestNG.java:115)
at org.testng.remote.RemoteTestNG.initAndRun(RemoteTestNG.java:293)
at org.testng.remote.RemoteTestNG.main(RemoteTestNG.java:91)
]]>
            </full-stacktrace>
          </exception> <!-- java.lang.AssertionError -->
          <reporter-output>
          </reporter-output>
        </test-method> <!-- testUpdateInfo -->
        <test-method is-config="true" signature="setTestName(java.lang.reflect.Method,[Ljava.lang.Object;)[pri:0, instance:automation.UpdateInfoTest@fbd1f6]" started-at="2026-04-26T21:13:55 ICT" name="setTestName" test-instance-name="UP_7" finished-at="2026-04-26T21:13:55 ICT" duration-ms="0" status="PASS">
          <params>
            <param index="0">
              <value>
                <![CDATA[public void automation.UpdateInfoTest.testUpdateInfo(java.lang.String,java.lang.String,java.lang.String,java.lang.String,java.lang.String,java.lang.String,java.lang.String,int)]]>
              </value>
            </param>
            <param index="1">
              <value>
                <![CDATA[[Ljava.lang.Object;@5d342959]]>
              </value>
            </param>
          </params>
          <reporter-output>
          </reporter-output>
        </test-method> <!-- setTestName -->
        <test-method signature="testUpdateInfo(java.lang.String,java.lang.String,java.lang.String,java.lang.String,java.lang.String,java.lang.String,java.lang.String,int)[pri:0, instance:automation.UpdateInfoTest@fbd1f6]" started-at="2026-04-26T21:13:55 ICT" name="testUpdateInfo" data-provider="updateData" test-instance-name="UP_7" finished-at="2026-04-26T21:14:00 ICT" duration-ms="5659" status="PASS">
          <params>
            <param index="0">
              <value>
                <![CDATA[UP_3]]>
              </value>
            </param>
            <param index="1">
              <value>
                <![CDATA[Vietnamese]]>
              </value>
            </param>
            <param index="2">
              <value>
                <![CDATA[]]>
              </value>
            </param>
            <param index="3">
              <value>
                <![CDATA[]]>
              </value>
            </param>
            <param index="4">
              <value>
                <![CDATA[]]>
              </value>
            </param>
            <param index="5">
              <value>
                <![CDATA[]]>
              </value>
            </param>
            <param index="6">
              <value>
                <![CDATA[PASS]]>
              </value>
            </param>
            <param index="7">
              <value>
                <![CDATA[3]]>
              </value>
            </param>
          </params>
          <reporter-output>
          </reporter-output>
        </test-method> <!-- testUpdateInfo -->
        <test-method signature="testUpdateInfo(java.lang.String,java.lang.String,java.lang.String,java.lang.String,java.lang.String,java.lang.String,java.lang.String,int)[pri:0, instance:automation.UpdateInfoTest@fbd1f6]" started-at="2026-04-26T21:14:00 ICT" name="testUpdateInfo" data-provider="updateData" test-instance-name="UP_7" finished-at="2026-04-26T21:14:06 ICT" duration-ms="5710" status="PASS">
          <params>
            <param index="0">
              <value>
                <![CDATA[UP_4]]>
              </value>
            </param>
            <param index="1">
              <value>
                <![CDATA[]]>
              </value>
            </param>
            <param index="2">
              <value>
                <![CDATA[Single]]>
              </value>
            </param>
            <param index="3">
              <value>
                <![CDATA[]]>
              </value>
            </param>
            <param index="4">
              <value>
                <![CDATA[]]>
              </value>
            </param>
            <param index="5">
              <value>
                <![CDATA[]]>
              </value>
            </param>
            <param index="6">
              <value>
                <![CDATA[PASS]]>
              </value>
            </param>
            <param index="7">
              <value>
                <![CDATA[4]]>
              </value>
            </param>
          </params>
          <reporter-output>
          </reporter-output>
        </test-method> <!-- testUpdateInfo -->
        <test-method is-config="true" signature="setTestName(java.lang.reflect.Method,[Ljava.lang.Object;)[pri:0, instance:automation.UpdateInfoTest@fbd1f6]" started-at="2026-04-26T21:14:00 ICT" name="setTestName" test-instance-name="UP_7" finished-at="2026-04-26T21:14:00 ICT" duration-ms="0" status="PASS">
          <params>
            <param index="0">
              <value>
                <![CDATA[public void automation.UpdateInfoTest.testUpdateInfo(java.lang.String,java.lang.String,java.lang.String,java.lang.String,java.lang.String,java.lang.String,java.lang.String,int)]]>
              </value>
            </param>
            <param index="1">
              <value>
                <![CDATA[[Ljava.lang.Object;@2ecf5915]]>
              </value>
            </param>
          </params>
          <reporter-output>
          </reporter-output>
        </test-method> <!-- setTestName -->
        <test-method signature="testUpdateInfo(java.lang.String,java.lang.String,java.lang.String,java.lang.String,java.lang.String,java.lang.String,java.lang.String,int)[pri:0, instance:automation.UpdateInfoTest@fbd1f6]" started-at="2026-04-26T21:14:06 ICT" name="testUpdateInfo" data-provider="updateData" test-instance-name="UP_7" finished-at="2026-04-26T21:14:12 ICT" duration-ms="5580" status="PASS">
          <params>
            <param index="0">
              <value>
                <![CDATA[UP_5]]>
              </value>
            </param>
            <param index="1">
              <value>
                <![CDATA[]]>
              </value>
            </param>
            <param index="2">
              <value>
                <![CDATA[]]>
              </value>
            </param>
            <param index="3">
              <value>
                <![CDATA[Male]]>
              </value>
            </param>
            <param index="4">
              <value>
                <![CDATA[]]>
              </value>
            </param>
            <param index="5">
              <value>
                <![CDATA[]]>
              </value>
            </param>
            <param index="6">
              <value>
                <![CDATA[PASS]]>
              </value>
            </param>
            <param index="7">
              <value>
                <![CDATA[5]]>
              </value>
            </param>
          </params>
          <reporter-output>
          </reporter-output>
        </test-method> <!-- testUpdateInfo -->
        <test-method is-config="true" signature="setTestName(java.lang.reflect.Method,[Ljava.lang.Object;)[pri:0, instance:automation.UpdateInfoTest@fbd1f6]" started-at="2026-04-26T21:14:06 ICT" name="setTestName" test-instance-name="UP_7" finished-at="2026-04-26T21:14:06 ICT" duration-ms="0" status="PASS">
          <params>
            <param index="0">
              <value>
                <![CDATA[public void automation.UpdateInfoTest.testUpdateInfo(java.lang.String,java.lang.String,java.lang.String,java.lang.String,java.lang.String,java.lang.String,java.lang.String,int)]]>
              </value>
            </param>
            <param index="1">
              <value>
                <![CDATA[[Ljava.lang.Object;@53e76c11]]>
              </value>
            </param>
          </params>
          <reporter-output>
          </reporter-output>
        </test-method> <!-- setTestName -->
        <test-method is-config="true" signature="setTestName(java.lang.reflect.Method,[Ljava.lang.Object;)[pri:0, instance:automation.UpdateInfoTest@fbd1f6]" started-at="2026-04-26T21:14:12 ICT" name="setTestName" test-instance-name="UP_7" finished-at="2026-04-26T21:14:12 ICT" duration-ms="1" status="PASS">
          <params>
            <param index="0">
              <value>
                <![CDATA[public void automation.UpdateInfoTest.testUpdateInfo(java.lang.String,java.lang.String,java.lang.String,java.lang.String,java.lang.String,java.lang.String,java.lang.String,int)]]>
              </value>
            </param>
            <param index="1">
              <value>
                <![CDATA[[Ljava.lang.Object;@42cc183e]]>
              </value>
            </param>
          </params>
          <reporter-output>
          </reporter-output>
        </test-method> <!-- setTestName -->
        <test-method signature="testUpdateInfo(java.lang.String,java.lang.String,java.lang.String,java.lang.String,java.lang.String,java.lang.String,java.lang.String,int)[pri:0, instance:automation.UpdateInfoTest@fbd1f6]" started-at="2026-04-26T21:14:12 ICT" name="testUpdateInfo" data-provider="updateData" test-instance-name="UP_7" finished-at="2026-04-26T21:14:17 ICT" duration-ms="5570" status="PASS">
          <params>
            <param index="0">
              <value>
                <![CDATA[UP_6]]>
              </value>
            </param>
            <param index="1">
              <value>
                <![CDATA[]]>
              </value>
            </param>
            <param index="2">
              <value>
                <![CDATA[]]>
              </value>
            </param>
            <param index="3">
              <value>
                <![CDATA[]]>
              </value>
            </param>
            <param index="4">
              <value>
                <![CDATA[]]>
              </value>
            </param>
            <param index="5">
              <value>
                <![CDATA[2000-05-20]]>
              </value>
            </param>
            <param index="6">
              <value>
                <![CDATA[PASS]]>
              </value>
            </param>
            <param index="7">
              <value>
                <![CDATA[6]]>
              </value>
            </param>
          </params>
          <reporter-output>
          </reporter-output>
        </test-method> <!-- testUpdateInfo -->
        <test-method signature="testUpdateInfo(java.lang.String,java.lang.String,java.lang.String,java.lang.String,java.lang.String,java.lang.String,java.lang.String,int)[pri:0, instance:automation.UpdateInfoTest@fbd1f6]" started-at="2026-04-26T21:14:17 ICT" name="testUpdateInfo" data-provider="updateData" test-instance-name="UP_7" finished-at="2026-04-26T21:14:23 ICT" duration-ms="5915" status="PASS">
          <params>
            <param index="0">
              <value>
                <![CDATA[UP_7]]>
              </value>
            </param>
            <param index="1">
              <value>
                <![CDATA[Vietnamese]]>
              </value>
            </param>
            <param index="2">
              <value>
                <![CDATA[Single]]>
              </value>
            </param>
            <param index="3">
              <value>
                <![CDATA[Male]]>
              </value>
            </param>
            <param index="4">
              <value>
                <![CDATA[2028-05-20]]>
              </value>
            </param>
            <param index="5">
              <value>
                <![CDATA[2000-05-21]]>
              </value>
            </param>
            <param index="6">
              <value>
                <![CDATA[PASS]]>
              </value>
            </param>
            <param index="7">
              <value>
                <![CDATA[7]]>
              </value>
            </param>
          </params>
          <reporter-output>
          </reporter-output>
        </test-method> <!-- testUpdateInfo -->
        <test-method is-config="true" signature="setTestName(java.lang.reflect.Method,[Ljava.lang.Object;)[pri:0, instance:automation.UpdateInfoTest@fbd1f6]" started-at="2026-04-26T21:14:17 ICT" name="setTestName" test-instance-name="UP_7" finished-at="2026-04-26T21:14:17 ICT" duration-ms="0" status="PASS">
          <params>
            <param index="0">
              <value>
                <![CDATA[public void automation.UpdateInfoTest.testUpdateInfo(java.lang.String,java.lang.String,java.lang.String,java.lang.String,java.lang.String,java.lang.String,java.lang.String,int)]]>
              </value>
            </param>
            <param index="1">
              <value>
                <![CDATA[[Ljava.lang.Object;@3e4e8fdf]]>
              </value>
            </param>
          </params>
          <reporter-output>
          </reporter-output>
        </test-method> <!-- setTestName -->
        <test-method is-config="true" signature="tearDown()[pri:0, instance:automation.UpdateInfoTest@fbd1f6]" started-at="2026-04-26T21:14:23 ICT" name="tearDown" test-instance-name="UP_7" finished-at="2026-04-26T21:14:40 ICT" duration-ms="16574" status="PASS">
          <reporter-output>
          </reporter-output>
        </test-method> <!-- tearDown -->
      </class> <!-- automation.UpdateInfoTest -->
    </test> <!-- Default test -->
  </suite> <!-- Default suite -->
</testng-results>
