<?xml version="1.0" encoding="UTF-8"?>
<!-- Generated by org.testng.reporters.JUnitReportReporter -->
<testsuite hostname="DESKTOP-LRSSE51" failures="0" tests="6" name="automation.LoginTest" time="20.925" errors="0" timestamp="2026-04-26T20:48:50 ICT" skipped="0">
  <testcase classname="automation.LoginTest" name="testLogin" time="3.872"/>
  <testcase classname="automation.LoginTest" name="testLogin" time="3.004"/>
  <testcase classname="automation.LoginTest" name="testLogin" time="3.206"/>
  <testcase classname="automation.LoginTest" name="testLogin" time="2.956"/>
  <testcase classname="automation.LoginTest" name="testLogin" time="3.011"/>
  <testcase classname="automation.LoginTest" name="testLogin" time="4.876"/>
</testsuite> <!-- automation.LoginTest -->
