<?xml version="1.0" encoding="UTF-8"?>
<!-- Generated by org.testng.reporters.JUnitReportReporter -->
<testsuite hostname="DESKTOP-LRSSE51" failures="0" tests="7" name="automation.ApplyLeaveTest" time="125.270" errors="0" timestamp="2026-04-26T21:11:22 ICT" skipped="0">
  <testcase classname="automation.ApplyLeaveTest" name="testApplyLeave" time="6.073"/>
  <testcase classname="automation.ApplyLeaveTest" name="testApplyLeave" time="16.224"/>
  <testcase classname="automation.ApplyLeaveTest" name="testApplyLeave" time="5.944"/>
  <testcase classname="automation.ApplyLeaveTest" name="testApplyLeave" time="26.832"/>
  <testcase classname="automation.ApplyLeaveTest" name="testApplyLeave" time="26.316"/>
  <testcase classname="automation.ApplyLeaveTest" name="testApplyLeave" time="16.707"/>
  <testcase classname="automation.ApplyLeaveTest" name="testApplyLeave" time="27.174"/>
</testsuite> <!-- automation.ApplyLeaveTest -->
