<?xml version="1.0" encoding="UTF-8"?>
<!-- Generated by org.testng.reporters.JUnitReportReporter -->
<testsuite hostname="DESKTOP-LRSSE51" failures="0" tests="11" name="automation.SearchEmployeeTest" time="46.445" errors="0" timestamp="2026-04-26T21:02:31 ICT" skipped="0">
  <testcase classname="automation.SearchEmployeeTest" name="testSearchEmployee" time="3.318"/>
  <testcase classname="automation.SearchEmployeeTest" name="testSearchEmployee" time="3.585"/>
  <testcase classname="automation.SearchEmployeeTest" name="testSearchEmployee" time="5.050"/>
  <testcase classname="automation.SearchEmployeeTest" name="testSearchEmployee" time="3.932"/>
  <testcase classname="automation.SearchEmployeeTest" name="testSearchEmployee" time="5.994"/>
  <testcase classname="automation.SearchEmployeeTest" name="testSearchEmployee" time="3.601"/>
  <testcase classname="automation.SearchEmployeeTest" name="testSearchEmployee" time="3.430"/>
  <testcase classname="automation.SearchEmployeeTest" name="testSearchEmployee" time="3.156"/>
  <testcase classname="automation.SearchEmployeeTest" name="testSearchEmployee" time="7.788"/>
  <testcase classname="automation.SearchEmployeeTest" name="testSearchEmployee" time="3.556"/>
  <testcase classname="automation.SearchEmployeeTest" name="testSearchEmployee" time="3.035"/>
</testsuite> <!-- automation.SearchEmployeeTest -->
