<?xml version="1.0" encoding="UTF-8"?>
<!-- Generated by org.testng.reporters.JUnitReportReporter -->
<testsuite hostname="DESKTOP-LRSSE51" failures="0" tests="17" name="automation.AddEmployeeTest" time="180.229" errors="0" timestamp="2026-04-26T20:56:39 ICT" skipped="0">
  <testcase classname="automation.AddEmployeeTest" name="testAddEmployee" time="11.552"/>
  <testcase classname="automation.AddEmployeeTest" name="testAddEmployee" time="5.186"/>
  <testcase classname="automation.AddEmployeeTest" name="testAddEmployee" time="7.775"/>
  <testcase classname="automation.AddEmployeeTest" name="testAddEmployee" time="11.480"/>
  <testcase classname="automation.AddEmployeeTest" name="testAddEmployee" time="11.595"/>
  <testcase classname="automation.AddEmployeeTest" name="testAddEmployee" time="12.717"/>
  <testcase classname="automation.AddEmployeeTest" name="testAddEmployee" time="13.703"/>
  <testcase classname="automation.AddEmployeeTest" name="testAddEmployee" time="6.405"/>
  <testcase classname="automation.AddEmployeeTest" name="testAddEmployee" time="11.509"/>
  <testcase classname="automation.AddEmployeeTest" name="testAddEmployee" time="11.606"/>
  <testcase classname="automation.AddEmployeeTest" name="testAddEmployee" time="11.455"/>
  <testcase classname="automation.AddEmployeeTest" name="testAddEmployee" time="11.754"/>
  <testcase classname="automation.AddEmployeeTest" name="testAddEmployee" time="7.395"/>
  <testcase classname="automation.AddEmployeeTest" name="testAddEmployee" time="11.562"/>
  <testcase classname="automation.AddEmployeeTest" name="testAddEmployee" time="11.548"/>
  <testcase classname="automation.AddEmployeeTest" name="testAddEmployee" time="11.530"/>
  <testcase classname="automation.AddEmployeeTest" name="testAddEmployee" time="11.457"/>
</testsuite> <!-- automation.AddEmployeeTest -->
