<?xml version="1.0" encoding="UTF-8"?>
<!-- Generated by org.testng.reporters.JUnitReportReporter -->
<testsuite hostname="DESKTOP-LRSSE51" failures="0" tests="3" name="automation.DeleteEmployeeTest" time="13.004" errors="0" timestamp="2026-04-23T22:43:22 ICT" skipped="0">
  <testcase classname="automation.DeleteEmployeeTest" name="testDeleteEmployee" time="3.669"/>
  <testcase classname="automation.DeleteEmployeeTest" name="testDeleteEmployee" time="5.104"/>
  <testcase classname="automation.DeleteEmployeeTest" name="testDeleteEmployee" time="4.231"/>
</testsuite> <!-- automation.DeleteEmployeeTest -->
